生成启动时间为 周六 2016 10 22 21:54:28。
     1>项目“E:\GitHub\SeamCarving\SeamCarving\SeamCarving.vcxproj”在节点 2 上(Build 个目标)。
     1>ClCompile:
         C:\Program Files (x86)\Microsoft Visual Studio 12.0\VC\bin\x86_amd64\CL.exe /c /Zi /nologo /W3 /WX- /sdl /O2 /Oi /GL /D WIN32 /D _WINDOWS /D NDEBUG /D _CRT_SECURE_NO_WARNINGS /D _MBCS /Gm- /EHsc /MT /GS /Gy /fp:precise /Zc:wchar_t /Zc:forScope /Yu"stdafx.h" /Fp"x64\Release\SeamCarving.pch" /Fo"x64\Release\\" /Fd"x64\Release\vc120.pdb" /Gd /TP /errorReport:prompt SeamCarvingDlg.cpp
         SeamCarvingDlg.cpp
     1>SeamCarvingDlg.cpp(541): warning C4244: “=”: 从“float”转换到“int”，可能丢失数据
     1>SeamCarvingDlg.cpp(542): warning C4244: “=”: 从“float”转换到“int”，可能丢失数据
     1>SeamCarvingDlg.cpp(562): warning C4244: “初始化”: 从“float”转换到“int”，可能丢失数据
     1>SeamCarvingDlg.cpp(563): warning C4244: “初始化”: 从“float”转换到“int”，可能丢失数据
       Link:
         C:\Program Files (x86)\Microsoft Visual Studio 12.0\VC\bin\x86_amd64\link.exe /ERRORREPORT:PROMPT /OUT:"E:\GitHub\SeamCarving\x64\Release\SeamCarving.exe" /INCREMENTAL:NO /NOLOGO opencv_objdetect249.lib opencv_ts249.lib opencv_video249.lib opencv_nonfree249.lib opencv_ocl249.lib opencv_photo249.lib opencv_stitching249.lib opencv_superres249.lib opencv_videostab249.lib opencv_calib3d249.lib opencv_contrib249.lib opencv_core249.lib opencv_features2d249.lib opencv_flann249.lib opencv_gpu249.lib opencv_highgui249.lib opencv_imgproc249.lib opencv_legacy249.lib opencv_ml249.lib /MANIFEST /MANIFESTUAC:"level='asInvoker' uiAccess='false'" /manifest:embed /manifestinput:"C:\Program Files (x86)\Microsoft Visual Studio 12.0\VC\Include\Manifest\dpiaware.manifest" /DEBUG /PDB:"E:\GitHub\SeamCarving\x64\Release\SeamCarving.pdb" /SUBSYSTEM:WINDOWS /OPT:REF /OPT:ICF /LTCG /TLBID:1 /DYNAMICBASE /NXCOMPAT /IMPLIB:"E:\GitHub\SeamCarving\x64\Release\SeamCarving.lib" /MACHINE:X64 x64\Release\SeamCarving.res
         x64\Release\CvvImage.obj
         x64\Release\SeamCarving.obj
         x64\Release\SeamCarvingDlg.obj
         x64\Release\SeamCarvingMethod.obj
         x64\Release\stdafx.obj
         正在生成代码
         已完成代码的生成
         SeamCarving.vcxproj -> E:\GitHub\SeamCarving\x64\Release\SeamCarving.exe
     1>已完成生成项目“E:\GitHub\SeamCarving\SeamCarving\SeamCarving.vcxproj”(Build 个目标)的操作。

生成成功。

已用时间 00:00:04.02
