生成启动时间为 周六 2016 10 22 15:27:01。
     1>项目“E:\GitHub\SeamCarving\SeamCarving\SeamCarving.vcxproj”在节点 2 上(Build 个目标)。
     1>ClCompile:
         C:\Program Files (x86)\Microsoft Visual Studio 12.0\VC\bin\x86_amd64\CL.exe /c /Zi /nologo /W3 /WX- /sdl /Od /D WIN32 /D _WINDOWS /D _DEBUG /D _CRT_SECURE_NO_WARNINGS /D _MBCS /Gm /EHsc /RTC1 /MTd /GS /fp:precise /Zc:wchar_t /Zc:forScope /Yu"stdafx.h" /Fp"x64\Debug\SeamCarving.pch" /Fo"x64\Debug\\" /Fd"x64\Debug\vc120.pdb" /Gd /TP /errorReport:prompt SeamCarving.cpp SeamCarvingDlg.cpp SeamCarvingMethod.cpp
         SeamCarvingMethod.cpp
         SeamCarvingDlg.cpp
     1>SeamCarvingDlg.cpp(514): warning C4244: “=”: 从“float”转换到“int”，可能丢失数据
     1>SeamCarvingDlg.cpp(515): warning C4244: “=”: 从“float”转换到“int”，可能丢失数据
     1>SeamCarvingDlg.cpp(535): warning C4244: “初始化”: 从“float”转换到“int”，可能丢失数据
     1>SeamCarvingDlg.cpp(536): warning C4244: “初始化”: 从“float”转换到“int”，可能丢失数据
         正在生成代码...
         正在编译...
         SeamCarving.cpp
         正在生成代码...
       ResourceCompile:
         C:\Program Files (x86)\Windows Kits\8.1\bin\x86\rc.exe /D _DEBUG /l"0x0804" /Ix64\Debug\ /nologo /fo"x64\Debug\SeamCarving.res" SeamCarving.rc 
       Link:
         C:\Program Files (x86)\Microsoft Visual Studio 12.0\VC\bin\x86_amd64\link.exe /ERRORREPORT:PROMPT /OUT:"E:\GitHub\SeamCarving\x64\Debug\SeamCarving.exe" /INCREMENTAL /NOLOGO opencv_ml249d.lib opencv_calib3d249d.lib opencv_contrib249d.lib opencv_core249d.lib opencv_features2d249d.lib opencv_flann249d.lib opencv_gpu249d.lib opencv_highgui249d.lib opencv_imgproc249d.lib opencv_legacy249d.lib opencv_objdetect249d.lib opencv_ts249d.lib opencv_video249d.lib opencv_nonfree249d.lib opencv_ocl249d.lib opencv_photo249d.lib opencv_stitching249d.lib opencv_superres249d.lib opencv_videostab249d.lib /MANIFEST /MANIFESTUAC:"level='asInvoker' uiAccess='false'" /manifest:embed /manifestinput:"C:\Program Files (x86)\Microsoft Visual Studio 12.0\VC\Include\Manifest\dpiaware.manifest" /DEBUG /PDB:"E:\GitHub\SeamCarving\x64\Debug\SeamCarving.pdb" /SUBSYSTEM:WINDOWS /TLBID:1 /DYNAMICBASE /NXCOMPAT /IMPLIB:"E:\GitHub\SeamCarving\x64\Debug\SeamCarving.lib" /MACHINE:X64 x64\Debug\SeamCarving.res
         x64\Debug\CvvImage.obj
         x64\Debug\SeamCarving.obj
         x64\Debug\SeamCarvingDlg.obj
         x64\Debug\SeamCarvingMethod.obj
         x64\Debug\stdafx.obj
     1>opencv_core249d.lib(opencv_core249d.dll) : fatal error LNK1112: 模块计算机类型“X86”与目标计算机类型“x64”冲突
     1>已完成生成项目“E:\GitHub\SeamCarving\SeamCarving\SeamCarving.vcxproj”(Build 个目标)的操作 - 失败。

生成失败。

已用时间 00:00:02.57
